[2018-02-07 16:58:09 +0800] [23767] [INFO] Starting gunicorn 19.7.1
[2018-02-07 16:58:09 +0800] [23767] [ERROR] Connection in use: ('0.0.0.0', 8000)
[2018-02-07 16:58:09 +0800] [23767] [ERROR] Retrying in 1 second.
[2018-02-07 16:58:10 +0800] [23767] [ERROR] Connection in use: ('0.0.0.0', 8000)
[2018-02-07 16:58:10 +0800] [23767] [ERROR] Retrying in 1 second.
[2018-02-07 16:58:11 +0800] [23767] [ERROR] Connection in use: ('0.0.0.0', 8000)
[2018-02-07 16:58:11 +0800] [23767] [ERROR] Retrying in 1 second.
[2018-02-07 16:58:12 +0800] [23767] [ERROR] Connection in use: ('0.0.0.0', 8000)
[2018-02-07 16:58:12 +0800] [23767] [ERROR] Retrying in 1 second.
[2018-02-07 16:58:13 +0800] [23767] [ERROR] Connection in use: ('0.0.0.0', 8000)
[2018-02-07 16:58:13 +0800] [23767] [ERROR] Retrying in 1 second.
[2018-02-07 16:58:14 +0800] [23767] [ERROR] Can't connect to ('0.0.0.0', 8000)
[2018-02-07 17:32:36 +0800] [24506] [INFO] Starting gunicorn 19.7.1
[2018-02-07 17:32:36 +0800] [24506] [INFO] Listening at: http://0.0.0.0:8000 (24506)
[2018-02-07 17:32:36 +0800] [24506] [INFO] Using worker: sync
[2018-02-07 17:32:36 +0800] [24509] [INFO] Booting worker with pid: 24509
[2018-02-07 17:32:36 +0800] [24510] [INFO] Booting worker with pid: 24510
[2018-02-07 17:32:36 +0800] [24511] [INFO] Booting worker with pid: 24511
[2018-02-07 17:33:04 +0800] [24506] [INFO] Handling signal: int
[2018-02-07 17:33:04 +0800] [24509] [INFO] Worker exiting (pid: 24509)
[2018-02-07 17:33:04 +0800] [24511] [INFO] Worker exiting (pid: 24511)
[2018-02-07 17:33:04 +0800] [24510] [INFO] Worker exiting (pid: 24510)
[2018-02-07 17:33:05 +0800] [24506] [INFO] Shutting down: Master
[2018-02-07 17:35:46 +0800] [24621] [INFO] Starting gunicorn 19.7.1
[2018-02-07 17:35:46 +0800] [24621] [INFO] Listening at: http://0.0.0.0:8000 (24621)
[2018-02-07 17:35:46 +0800] [24621] [INFO] Using worker: sync
[2018-02-07 17:35:46 +0800] [24624] [INFO] Booting worker with pid: 24624
[2018-02-07 17:35:46 +0800] [24625] [INFO] Booting worker with pid: 24625
[2018-02-07 17:35:46 +0800] [24626] [INFO] Booting worker with pid: 24626
[2018-02-07 17:37:29 +0800] [24703] [INFO] Starting gunicorn 19.7.1
[2018-02-07 17:37:29 +0800] [24703] [INFO] Listening at: http://0.0.0.0:8000 (24703)
[2018-02-07 17:37:29 +0800] [24703] [INFO] Using worker: sync
[2018-02-07 17:37:29 +0800] [24706] [INFO] Booting worker with pid: 24706
[2018-02-07 17:37:29 +0800] [24707] [INFO] Booting worker with pid: 24707
[2018-02-07 17:37:29 +0800] [24709] [INFO] Booting worker with pid: 24709
[2018-02-07 17:41:08 +0800] [24772] [INFO] Starting gunicorn 19.7.1
[2018-02-07 17:41:08 +0800] [24772] [INFO] Listening at: http://0.0.0.0:8000 (24772)
[2018-02-07 17:41:08 +0800] [24772] [INFO] Using worker: sync
[2018-02-07 17:41:08 +0800] [24775] [INFO] Booting worker with pid: 24775
[2018-02-07 17:41:08 +0800] [24777] [INFO] Booting worker with pid: 24777
[2018-02-07 17:41:08 +0800] [24778] [INFO] Booting worker with pid: 24778
[2018-02-07 17:44:11 +0800] [24980] [INFO] Starting gunicorn 19.7.1
[2018-02-07 17:44:11 +0800] [24980] [INFO] Listening at: http://0.0.0.0:8000 (24980)
[2018-02-07 17:44:11 +0800] [24980] [INFO] Using worker: sync
[2018-02-07 17:44:11 +0800] [24983] [INFO] Booting worker with pid: 24983
[2018-02-07 17:44:11 +0800] [24984] [INFO] Booting worker with pid: 24984
[2018-02-07 17:44:12 +0800] [24985] [INFO] Booting worker with pid: 24985
[2018-02-07 17:45:30 +0800] [25023] [INFO] Starting gunicorn 19.7.1
[2018-02-07 17:45:30 +0800] [25023] [INFO] Listening at: http://0.0.0.0:8000 (25023)
[2018-02-07 17:45:30 +0800] [25023] [INFO] Using worker: sync
[2018-02-07 17:45:30 +0800] [25026] [INFO] Booting worker with pid: 25026
[2018-02-07 17:45:30 +0800] [25028] [INFO] Booting worker with pid: 25028
[2018-02-07 17:45:31 +0800] [25029] [INFO] Booting worker with pid: 25029
[2018-02-07 17:46:08 +0800] [25040] [INFO] Starting gunicorn 19.7.1
[2018-02-07 17:46:08 +0800] [25040] [INFO] Listening at: http://0.0.0.0:8000 (25040)
[2018-02-07 17:46:08 +0800] [25040] [INFO] Using worker: sync
[2018-02-07 17:46:08 +0800] [25043] [INFO] Booting worker with pid: 25043
[2018-02-07 17:46:08 +0800] [25045] [INFO] Booting worker with pid: 25045
[2018-02-07 17:46:08 +0800] [25046] [INFO] Booting worker with pid: 25046
[2018-02-07 17:52:14 +0800] [25321] [INFO] Starting gunicorn 19.7.1
[2018-02-07 17:52:14 +0800] [25321] [INFO] Listening at: http://0.0.0.0:8000 (25321)
[2018-02-07 17:52:14 +0800] [25321] [INFO] Using worker: sync
[2018-02-07 17:52:14 +0800] [25324] [INFO] Booting worker with pid: 25324
[2018-02-07 17:52:14 +0800] [25325] [INFO] Booting worker with pid: 25325
[2018-02-07 17:52:14 +0800] [25327] [INFO] Booting worker with pid: 25327
[2018-02-07 17:54:10 +0800] [25367] [INFO] Starting gunicorn 19.7.1
[2018-02-07 17:54:10 +0800] [25367] [INFO] Listening at: http://0.0.0.0:8000 (25367)
[2018-02-07 17:54:10 +0800] [25367] [INFO] Using worker: sync
[2018-02-07 17:54:10 +0800] [25370] [INFO] Booting worker with pid: 25370
[2018-02-07 17:54:10 +0800] [25371] [INFO] Booting worker with pid: 25371
[2018-02-07 17:54:10 +0800] [25372] [INFO] Booting worker with pid: 25372
[2018-02-07 17:55:23 +0800] [25413] [INFO] Starting gunicorn 19.7.1
[2018-02-07 17:55:23 +0800] [25413] [INFO] Listening at: http://0.0.0.0:8000 (25413)
[2018-02-07 17:55:23 +0800] [25413] [INFO] Using worker: sync
[2018-02-07 17:55:23 +0800] [25416] [INFO] Booting worker with pid: 25416
[2018-02-07 17:55:23 +0800] [25418] [INFO] Booting worker with pid: 25418
[2018-02-07 17:55:23 +0800] [25419] [INFO] Booting worker with pid: 25419
[2018-02-07 18:00:34 +0800] [25536] [INFO] Starting gunicorn 19.7.1
[2018-02-07 18:00:34 +0800] [25536] [INFO] Listening at: http://127.0.0.1:8001 (25536)
[2018-02-07 18:00:34 +0800] [25536] [INFO] Using worker: sync
[2018-02-07 18:00:34 +0800] [25539] [INFO] Booting worker with pid: 25539
[2018-02-07 18:00:34 +0800] [25539] [ERROR] Exception in worker process
Traceback (most recent call last):
  File "/usr/local/lib/python3.5/dist-packages/gunicorn/arbiter.py", line 578, in spawn_worker
    worker.init_process()
  File "/usr/local/lib/python3.5/dist-packages/gunicorn/workers/base.py", line 126, in init_process
    self.load_wsgi()
  File "/usr/local/lib/python3.5/dist-packages/gunicorn/workers/base.py", line 135, in load_wsgi
    self.wsgi = self.app.wsgi()
  File "/usr/local/lib/python3.5/dist-packages/gunicorn/app/base.py", line 67, in wsgi
    self.callable = self.load()
  File "/usr/local/lib/python3.5/dist-packages/gunicorn/app/wsgiapp.py", line 65, in load
    return self.load_wsgiapp()
  File "/usr/local/lib/python3.5/dist-packages/gunicorn/app/wsgiapp.py", line 52, in load_wsgiapp
    return util.import_app(self.app_uri)
  File "/usr/local/lib/python3.5/dist-packages/gunicorn/util.py", line 352, in import_app
    __import__(module)
  File "/var/www/online2/online2/__init__.py", line 1, in <module>
    import pymysql
ImportError: No module named 'pymysql'
[2018-02-07 18:00:34 +0800] [25539] [INFO] Worker exiting (pid: 25539)
[2018-02-07 18:00:34 +0800] [25540] [INFO] Booting worker with pid: 25540
[2018-02-07 18:00:34 +0800] [25540] [ERROR] Exception in worker process
Traceback (most recent call last):
  File "/usr/local/lib/python3.5/dist-packages/gunicorn/arbiter.py", line 578, in spawn_worker
    worker.init_process()
  File "/usr/local/lib/python3.5/dist-packages/gunicorn/workers/base.py", line 126, in init_process
    self.load_wsgi()
  File "/usr/local/lib/python3.5/dist-packages/gunicorn/workers/base.py", line 135, in load_wsgi
    self.wsgi = self.app.wsgi()
  File "/usr/local/lib/python3.5/dist-packages/gunicorn/app/base.py", line 67, in wsgi
    self.callable = self.load()
  File "/usr/local/lib/python3.5/dist-packages/gunicorn/app/wsgiapp.py", line 65, in load
    return self.load_wsgiapp()
  File "/usr/local/lib/python3.5/dist-packages/gunicorn/app/wsgiapp.py", line 52, in load_wsgiapp
    return util.import_app(self.app_uri)
  File "/usr/local/lib/python3.5/dist-packages/gunicorn/util.py", line 352, in import_app
    __import__(module)
  File "/var/www/online2/online2/__init__.py", line 1, in <module>
    import pymysql
ImportError: No module named 'pymysql'
[2018-02-07 18:00:34 +0800] [25540] [INFO] Worker exiting (pid: 25540)
[2018-02-07 18:00:34 +0800] [25536] [INFO] Shutting down: Master
[2018-02-07 18:00:34 +0800] [25536] [INFO] Reason: Worker failed to boot.
[2018-02-07 18:00:49 +0800] [25541] [INFO] Starting gunicorn 19.7.1
[2018-02-07 18:00:49 +0800] [25541] [INFO] Listening at: http://127.0.0.1:8001 (25541)
[2018-02-07 18:00:49 +0800] [25541] [INFO] Using worker: sync
[2018-02-07 18:00:49 +0800] [25544] [INFO] Booting worker with pid: 25544
[2018-02-07 18:00:49 +0800] [25544] [ERROR] Exception in worker process
Traceback (most recent call last):
  File "/usr/local/lib/python3.5/dist-packages/gunicorn/arbiter.py", line 578, in spawn_worker
    worker.init_process()
  File "/usr/local/lib/python3.5/dist-packages/gunicorn/workers/base.py", line 126, in init_process
    self.load_wsgi()
  File "/usr/local/lib/python3.5/dist-packages/gunicorn/workers/base.py", line 135, in load_wsgi
    self.wsgi = self.app.wsgi()
  File "/usr/local/lib/python3.5/dist-packages/gunicorn/app/base.py", line 67, in wsgi
    self.callable = self.load()
  File "/usr/local/lib/python3.5/dist-packages/gunicorn/app/wsgiapp.py", line 65, in load
    return self.load_wsgiapp()
  File "/usr/local/lib/python3.5/dist-packages/gunicorn/app/wsgiapp.py", line 52, in load_wsgiapp
    return util.import_app(self.app_uri)
  File "/usr/local/lib/python3.5/dist-packages/gunicorn/util.py", line 352, in import_app
    __import__(module)
  File "/var/www/online2/online2/__init__.py", line 1, in <module>
    import pymysql
ImportError: No module named 'pymysql'
[2018-02-07 18:00:49 +0800] [25544] [INFO] Worker exiting (pid: 25544)
[2018-02-07 18:00:49 +0800] [25541] [INFO] Shutting down: Master
[2018-02-07 18:00:49 +0800] [25541] [INFO] Reason: Worker failed to boot.
[2018-02-07 18:01:43 +0800] [25574] [INFO] Starting gunicorn 19.7.1
[2018-02-07 18:01:43 +0800] [25574] [INFO] Listening at: http://127.0.0.1:8001 (25574)
[2018-02-07 18:01:43 +0800] [25574] [INFO] Using worker: sync
[2018-02-07 18:01:43 +0800] [25577] [INFO] Booting worker with pid: 25577
[2018-02-07 18:01:43 +0800] [25578] [INFO] Booting worker with pid: 25578
[2018-02-07 18:08:13 +0800] [26606] [INFO] Booting worker with pid: 26606
[2018-02-07 18:08:14 +0800] [26607] [INFO] Booting worker with pid: 26607
[2018-02-07 18:08:14 +0800] [25574] [INFO] Handling signal: hup
[2018-02-07 18:08:14 +0800] [25574] [INFO] Hang up: Master
[2018-02-07 18:08:14 +0800] [26609] [INFO] Booting worker with pid: 26609
[2018-02-07 18:08:14 +0800] [26610] [INFO] Booting worker with pid: 26610
[2018-02-07 18:08:16 +0800] [26606] [INFO] Worker exiting (pid: 26606)
[2018-02-07 18:08:16 +0800] [26607] [INFO] Worker exiting (pid: 26607)
[2018-02-08 08:35:05 +0800] [2894] [INFO] Starting gunicorn 19.7.1
[2018-02-08 08:35:05 +0800] [2894] [INFO] Listening at: http://127.0.0.1:8000 (2894)
[2018-02-08 08:35:05 +0800] [2894] [INFO] Using worker: sync
[2018-02-08 08:35:05 +0800] [2897] [INFO] Booting worker with pid: 2897
[2018-02-08 08:35:05 +0800] [2899] [INFO] Booting worker with pid: 2899
[2018-02-08 08:35:06 +0800] [2900] [INFO] Booting worker with pid: 2900
[2018-02-08 08:35:37 +0800] [2910] [INFO] Starting gunicorn 19.7.1
[2018-02-08 08:35:37 +0800] [2910] [INFO] Listening at: http://0.0.0.0:8000 (2910)
[2018-02-08 08:35:37 +0800] [2910] [INFO] Using worker: sync
[2018-02-08 08:35:37 +0800] [2913] [INFO] Booting worker with pid: 2913
[2018-02-08 08:35:37 +0800] [2915] [INFO] Booting worker with pid: 2915
[2018-02-08 08:35:37 +0800] [2916] [INFO] Booting worker with pid: 2916
[2018-02-08 10:28:09 +0800] [6269] [INFO] Starting gunicorn 19.7.1
[2018-02-08 10:28:09 +0800] [6269] [INFO] Listening at: http://0.0.0.0:8000 (6269)
[2018-02-08 10:28:09 +0800] [6269] [INFO] Using worker: sync
[2018-02-08 10:28:09 +0800] [6272] [INFO] Booting worker with pid: 6272
[2018-02-08 10:28:09 +0800] [6273] [INFO] Booting worker with pid: 6273
[2018-02-08 10:28:09 +0800] [6274] [INFO] Booting worker with pid: 6274
[2018-02-08 10:30:28 +0800] [6308] [INFO] Starting gunicorn 19.7.1
[2018-02-08 10:30:28 +0800] [6308] [ERROR] Retrying in 1 second.
[2018-02-08 10:30:29 +0800] [6308] [ERROR] Retrying in 1 second.
[2018-02-08 10:30:30 +0800] [6308] [ERROR] Retrying in 1 second.
[2018-02-08 10:30:31 +0800] [6308] [ERROR] Retrying in 1 second.
[2018-02-08 10:30:32 +0800] [6308] [ERROR] Retrying in 1 second.
[2018-02-08 10:30:33 +0800] [6308] [ERROR] Can't connect to ('0.0.0.0', 80)
[2018-02-08 10:32:21 +0800] [6329] [INFO] Starting gunicorn 19.7.1
[2018-02-08 10:32:21 +0800] [6329] [ERROR] Retrying in 1 second.
[2018-02-08 10:32:22 +0800] [6329] [ERROR] Retrying in 1 second.
[2018-02-08 10:32:23 +0800] [6329] [ERROR] Retrying in 1 second.
[2018-02-08 10:32:24 +0800] [6329] [ERROR] Retrying in 1 second.
[2018-02-08 10:32:25 +0800] [6329] [ERROR] Retrying in 1 second.
[2018-02-08 10:32:26 +0800] [6329] [ERROR] Can't connect to ('0.0.0.0', 80)
[2018-02-08 10:38:14 +0800] [6586] [INFO] Starting gunicorn 19.7.1
[2018-02-08 10:38:14 +0800] [6586] [INFO] Listening at: http://0.0.0.0:80 (6586)
[2018-02-08 10:38:14 +0800] [6586] [INFO] Using worker: sync
[2018-02-08 10:38:14 +0800] [6589] [INFO] Booting worker with pid: 6589
[2018-02-08 10:38:14 +0800] [6591] [INFO] Booting worker with pid: 6591
[2018-02-08 10:38:14 +0800] [6592] [INFO] Booting worker with pid: 6592
[2018-02-08 10:38:46 +0800] [6605] [INFO] Booting worker with pid: 6605
[2018-02-08 10:38:46 +0800] [6606] [INFO] Booting worker with pid: 6606
[2018-02-08 10:38:46 +0800] [6586] [INFO] Handling signal: hup
[2018-02-08 10:38:46 +0800] [6586] [INFO] Hang up: Master
[2018-02-08 10:38:46 +0800] [6607] [INFO] Booting worker with pid: 6607
[2018-02-08 10:38:46 +0800] [6608] [INFO] Booting worker with pid: 6608
[2018-02-08 10:38:46 +0800] [6609] [INFO] Booting worker with pid: 6609
[2018-02-08 10:38:50 +0800] [6606] [INFO] Worker exiting (pid: 6606)
[2018-02-08 10:38:50 +0800] [6605] [INFO] Worker exiting (pid: 6605)
[2018-02-08 11:07:34 +0800] [7081] [INFO] Starting gunicorn 19.7.1
[2018-02-08 11:07:34 +0800] [7081] [INFO] Listening at: http://0.0.0.0:8000 (7081)
[2018-02-08 11:07:34 +0800] [7081] [INFO] Using worker: sync
[2018-02-08 11:07:34 +0800] [7084] [INFO] Booting worker with pid: 7084
[2018-02-08 11:07:34 +0800] [7085] [INFO] Booting worker with pid: 7085
[2018-02-08 11:07:35 +0800] [7087] [INFO] Booting worker with pid: 7087
[2018-02-08 11:10:13 +0800] [7149] [INFO] Starting gunicorn 19.7.1
[2018-02-08 11:10:13 +0800] [7149] [INFO] Listening at: http://0.0.0.0:8000 (7149)
[2018-02-08 11:10:13 +0800] [7149] [INFO] Using worker: sync
[2018-02-08 11:10:13 +0800] [7152] [INFO] Booting worker with pid: 7152
[2018-02-08 11:10:13 +0800] [7154] [INFO] Booting worker with pid: 7154
[2018-02-08 11:10:13 +0800] [7155] [INFO] Booting worker with pid: 7155
[2018-02-08 11:12:56 +0800] [7218] [INFO] Starting gunicorn 19.7.1
[2018-02-08 11:12:56 +0800] [7218] [INFO] Listening at: http://0.0.0.0:8000 (7218)
[2018-02-08 11:12:56 +0800] [7218] [INFO] Using worker: sync
[2018-02-08 11:12:56 +0800] [7221] [INFO] Booting worker with pid: 7221
[2018-02-08 11:12:56 +0800] [7222] [INFO] Booting worker with pid: 7222
[2018-02-08 11:12:56 +0800] [7224] [INFO] Booting worker with pid: 7224
[2018-02-08 11:16:43 +0800] [7321] [INFO] Starting gunicorn 19.7.1
[2018-02-08 11:16:43 +0800] [7321] [INFO] Listening at: http://0.0.0.0:8000 (7321)
[2018-02-08 11:16:43 +0800] [7321] [INFO] Using worker: sync
[2018-02-08 11:16:43 +0800] [7324] [INFO] Booting worker with pid: 7324
[2018-02-08 11:16:43 +0800] [7326] [INFO] Booting worker with pid: 7326
[2018-02-08 11:16:43 +0800] [7327] [INFO] Booting worker with pid: 7327
[2018-02-08 11:17:30 +0800] [7349] [INFO] Starting gunicorn 19.7.1
[2018-02-08 11:17:30 +0800] [7349] [INFO] Listening at: http://0.0.0.0:80 (7349)
[2018-02-08 11:17:30 +0800] [7349] [INFO] Using worker: sync
[2018-02-08 11:17:30 +0800] [7352] [INFO] Booting worker with pid: 7352
[2018-02-08 11:17:30 +0800] [7353] [INFO] Booting worker with pid: 7353
[2018-02-08 11:17:30 +0800] [7354] [INFO] Booting worker with pid: 7354
[2018-02-08 11:20:13 +0800] [7408] [INFO] Starting gunicorn 19.7.1
[2018-02-08 11:20:13 +0800] [7408] [INFO] Listening at: http://0.0.0.0:80 (7408)
[2018-02-08 11:20:13 +0800] [7408] [INFO] Using worker: sync
[2018-02-08 11:20:13 +0800] [7411] [INFO] Booting worker with pid: 7411
[2018-02-08 11:20:13 +0800] [7413] [INFO] Booting worker with pid: 7413
[2018-02-08 11:20:13 +0800] [7414] [INFO] Booting worker with pid: 7414
[2018-02-08 11:25:28 +0800] [7519] [INFO] Starting gunicorn 19.7.1
[2018-02-08 11:25:28 +0800] [7519] [INFO] Listening at: http://0.0.0.0:80 (7519)
[2018-02-08 11:25:28 +0800] [7519] [INFO] Using worker: sync
[2018-02-08 11:25:28 +0800] [7522] [INFO] Booting worker with pid: 7522
[2018-02-08 11:25:28 +0800] [7523] [INFO] Booting worker with pid: 7523
[2018-02-08 11:25:28 +0800] [7525] [INFO] Booting worker with pid: 7525
[2018-02-08 11:32:14 +0800] [7600] [INFO] Starting gunicorn 19.7.1
[2018-02-08 11:32:14 +0800] [7600] [INFO] Listening at: http://0.0.0.0:80 (7600)
[2018-02-08 11:32:14 +0800] [7600] [INFO] Using worker: sync
[2018-02-08 11:32:14 +0800] [7603] [INFO] Booting worker with pid: 7603
[2018-02-08 11:32:15 +0800] [7605] [INFO] Booting worker with pid: 7605
[2018-02-08 11:32:15 +0800] [7606] [INFO] Booting worker with pid: 7606
[2018-02-08 11:33:53 +0800] [7655] [INFO] Starting gunicorn 19.7.1
[2018-02-08 11:33:53 +0800] [7655] [INFO] Listening at: http://0.0.0.0:80 (7655)
[2018-02-08 11:33:53 +0800] [7655] [INFO] Using worker: sync
[2018-02-08 11:33:53 +0800] [7658] [INFO] Booting worker with pid: 7658
[2018-02-08 11:33:53 +0800] [7660] [INFO] Booting worker with pid: 7660
[2018-02-08 11:33:53 +0800] [7661] [INFO] Booting worker with pid: 7661
[2018-02-08 11:36:37 +0800] [7693] [INFO] Starting gunicorn 19.7.1
[2018-02-08 11:36:37 +0800] [7693] [INFO] Listening at: http://0.0.0.0:80 (7693)
[2018-02-08 11:36:37 +0800] [7693] [INFO] Using worker: sync
[2018-02-08 11:36:37 +0800] [7696] [INFO] Booting worker with pid: 7696
[2018-02-08 11:36:37 +0800] [7697] [INFO] Booting worker with pid: 7697
[2018-02-08 11:36:38 +0800] [7699] [INFO] Booting worker with pid: 7699
[2018-02-08 11:51:04 +0800] [8061] [INFO] Starting gunicorn 19.7.1
[2018-02-08 11:51:04 +0800] [8061] [INFO] Listening at: http://0.0.0.0:80 (8061)
[2018-02-08 11:51:04 +0800] [8061] [INFO] Using worker: sync
[2018-02-08 11:51:04 +0800] [8064] [INFO] Booting worker with pid: 8064
[2018-02-08 11:51:04 +0800] [8065] [INFO] Booting worker with pid: 8065
[2018-02-08 11:51:04 +0800] [8066] [INFO] Booting worker with pid: 8066
[2018-02-08 11:56:13 +0800] [8267] [INFO] Starting gunicorn 19.7.1
[2018-02-08 11:56:13 +0800] [8267] [INFO] Listening at: http://0.0.0.0:80 (8267)
[2018-02-08 11:56:13 +0800] [8267] [INFO] Using worker: sync
[2018-02-08 11:56:13 +0800] [8271] [INFO] Booting worker with pid: 8271
[2018-02-08 11:56:13 +0800] [8272] [INFO] Booting worker with pid: 8272
[2018-02-08 11:56:13 +0800] [8274] [INFO] Booting worker with pid: 8274
[2018-02-08 11:56:52 +0800] [8279] [INFO] Starting gunicorn 19.7.1
[2018-02-08 11:56:52 +0800] [8279] [INFO] Listening at: http://0.0.0.0:80 (8279)
[2018-02-08 11:56:52 +0800] [8279] [INFO] Using worker: sync
[2018-02-08 11:56:52 +0800] [8282] [INFO] Booting worker with pid: 8282
[2018-02-08 11:56:53 +0800] [8283] [INFO] Booting worker with pid: 8283
[2018-02-08 11:56:53 +0800] [8284] [INFO] Booting worker with pid: 8284
[2018-02-08 11:59:11 +0800] [8311] [INFO] Starting gunicorn 19.7.1
[2018-02-08 11:59:11 +0800] [8311] [INFO] Listening at: http://0.0.0.0:80 (8311)
[2018-02-08 11:59:11 +0800] [8311] [INFO] Using worker: sync
[2018-02-08 11:59:11 +0800] [8314] [INFO] Booting worker with pid: 8314
[2018-02-08 11:59:11 +0800] [8316] [INFO] Booting worker with pid: 8316
[2018-02-08 11:59:11 +0800] [8317] [INFO] Booting worker with pid: 8317
[2018-02-08 12:06:34 +0800] [8489] [INFO] Starting gunicorn 19.7.1
[2018-02-08 12:06:34 +0800] [8489] [INFO] Listening at: http://0.0.0.0:80 (8489)
[2018-02-08 12:06:34 +0800] [8489] [INFO] Using worker: sync
[2018-02-08 12:06:34 +0800] [8492] [INFO] Booting worker with pid: 8492
[2018-02-08 12:06:34 +0800] [8493] [INFO] Booting worker with pid: 8493
[2018-02-08 12:06:34 +0800] [8495] [INFO] Booting worker with pid: 8495
[2018-02-08 12:39:37 +0800] [8864] [INFO] Starting gunicorn 19.7.1
[2018-02-08 12:39:37 +0800] [8864] [INFO] Listening at: http://0.0.0.0:80 (8864)
[2018-02-08 12:39:37 +0800] [8864] [INFO] Using worker: sync
[2018-02-08 12:39:37 +0800] [8867] [INFO] Booting worker with pid: 8867
[2018-02-08 12:39:37 +0800] [8868] [INFO] Booting worker with pid: 8868
[2018-02-08 12:39:37 +0800] [8869] [INFO] Booting worker with pid: 8869
[2018-02-08 12:41:59 +0800] [8864] [INFO] Handling signal: hup
[2018-02-08 12:41:59 +0800] [8864] [INFO] Hang up: Master
[2018-02-08 12:41:59 +0800] [8900] [INFO] Booting worker with pid: 8900
[2018-02-08 12:41:59 +0800] [8902] [INFO] Booting worker with pid: 8902
[2018-02-08 12:41:59 +0800] [8901] [INFO] Booting worker with pid: 8901
